This is pdfTeX, Version 3.14159265-2.6-1.40.19 (MiKTeX 2.9.6630 64-bit) (preloaded format=pdflatex 2018.6.7)  1 JUL 2019 14:14
entering extended mode
**./Analytic_Geometry_IBL_Notes_text.tex
(Analytic_Geometry_IBL_Notes_text.tex
LaTeX2e <2017-04-15>
Babel <3.18> and hyphenation patterns for 75 language(s) loaded.
\@input{jiblm_cn.aux}
\openout2 = `jiblm_cn.aux'.

(jiblm_cn.tex ("C:\Program Files\MiKTeX 2.9\tex\latex\base\book.cls"
Document Class: book 2014/09/29 v1.4h Standard LaTeX document class
("C:\Program Files\MiKTeX 2.9\tex\latex\base\bk10.clo"
File: bk10.clo 2014/09/29 v1.4h Standard LaTeX file (size option)
)
\c@part=\count79
\c@chapter=\count80
\c@section=\count81
\c@subsection=\count82
\c@subsubsection=\count83
\c@paragraph=\count84
\c@subparagraph=\count85
\c@figure=\count86
\c@table=\count87
\abovecaptionskip=\skip41
\belowcaptionskip=\skip42
\bibindent=\dimen102
)
(C:\Users\longne\AppData\Roaming\MiKTeX\2.9\tex\latex\piff\time.sty
time.sty v1.0a, (C) Copyright Mike Piff, 15 Feb 1995 10:55:01 BST
Package: time 
) ("C:\Program Files\MiKTeX 2.9\tex\latex\tools\enumerate.sty"
Package: enumerate 2015/07/23 v3.00 enumerate extensions (DPC)
\@enLab=\toks14
)
("C:\Program Files\MiKTeX 2.9\tex\latex\amsfonts\amssymb.sty"
Package: amssymb 2013/01/14 v3.01 AMS font symbols

("C:\Program Files\MiKTeX 2.9\tex\latex\amsfonts\amsfonts.sty"
Package: amsfonts 2013/01/14 v3.01 Basic AMSFonts support
\@emptytoks=\toks15
\symAMSa=\mathgroup4
\symAMSb=\mathgroup5
LaTeX Font Info:    Overwriting math alphabet `\mathfrak' in version `bold'
(Font)                  U/euf/m/n --> U/euf/b/n on input line 106.
))
("C:\Program Files\MiKTeX 2.9\tex\latex\amsmath\amsmath.sty"
Package: amsmath 2017/09/02 v2.17a AMS math features
\@mathmargin=\skip43

For additional information on amsmath, use the `?' option.
("C:\Program Files\MiKTeX 2.9\tex\latex\amsmath\amstext.sty"
Package: amstext 2000/06/29 v2.01 AMS text

("C:\Program Files\MiKTeX 2.9\tex\latex\amsmath\amsgen.sty"
File: amsgen.sty 1999/11/30 v2.0 generic functions
\@emptytoks=\toks16
\ex@=\dimen103
))
("C:\Program Files\MiKTeX 2.9\tex\latex\amsmath\amsbsy.sty"
Package: amsbsy 1999/11/29 v1.2d Bold Symbols
\pmbraise@=\dimen104
)
("C:\Program Files\MiKTeX 2.9\tex\latex\amsmath\amsopn.sty"
Package: amsopn 2016/03/08 v2.02 operator names
)
\inf@bad=\count88
LaTeX Info: Redefining \frac on input line 213.
\uproot@=\count89
\leftroot@=\count90
LaTeX Info: Redefining \overline on input line 375.
\classnum@=\count91
\DOTSCASE@=\count92
LaTeX Info: Redefining \ldots on input line 472.
LaTeX Info: Redefining \dots on input line 475.
LaTeX Info: Redefining \cdots on input line 596.
\Mathstrutbox@=\box26
\strutbox@=\box27
\big@size=\dimen105
LaTeX Font Info:    Redeclaring font encoding OML on input line 712.
LaTeX Font Info:    Redeclaring font encoding OMS on input line 713.
\macc@depth=\count93
\c@MaxMatrixCols=\count94
\dotsspace@=\muskip10
\c@parentequation=\count95
\dspbrk@lvl=\count96
\tag@help=\toks17
\row@=\count97
\column@=\count98
\maxfields@=\count99
\andhelp@=\toks18
\eqnshift@=\dimen106
\alignsep@=\dimen107
\tagshift@=\dimen108
\tagwidth@=\dimen109
\totwidth@=\dimen110
\lineht@=\dimen111
\@envbody=\toks19
\multlinegap=\skip44
\multlinetaggap=\skip45
\mathdisplay@stack=\toks20
LaTeX Info: Redefining \[ on input line 2817.
LaTeX Info: Redefining \] on input line 2818.
)
("C:\Program Files\MiKTeX 2.9\tex\latex\base\latexsym.sty"
Package: latexsym 1998/08/17 v2.2e Standard LaTeX package (lasy symbols)
\symlasy=\mathgroup6
LaTeX Font Info:    Overwriting symbol font `lasy' in version `bold'
(Font)                  U/lasy/m/n --> U/lasy/b/n on input line 52.
)
("C:\Program Files\MiKTeX 2.9\tex\latex\amscls\amsthm.sty"
Package: amsthm 2017/10/31 v2.20.4
\thm@style=\toks21
\thm@bodyfont=\toks22
\thm@headfont=\toks23
\thm@notefont=\toks24
\thm@headpunct=\toks25
\thm@preskip=\skip46
\thm@postskip=\skip47
\thm@headsep=\skip48
\dth@everypar=\toks26
)
(C:\Users\longne\AppData\Roaming\MiKTeX\2.9\tex\latex\lettrine\lettrine.sty
File: lettrine.sty 2015/08/31 v1.9 (Daniel Flipo)

("C:\Program Files\MiKTeX 2.9\tex\latex\graphics\keyval.sty"
Package: keyval 2014/10/28 v1.15 key=value parser (DPC)
\KV@toks@=\toks27
)
\c@DefaultLines=\count100
\c@DefaultDepth=\count101
\DefaultFindent=\dimen112
\DefaultNindent=\dimen113
\DefaultSlope=\dimen114
\DiscardVskip=\dimen115
\L@lbox=\box28
\L@tbox=\box29
\c@L@lines=\count102
\c@L@depth=\count103
\L@Pindent=\dimen116
\L@Findent=\dimen117
\L@Nindent=\dimen118
\L@lraise=\dimen119
\L@first=\dimen120
\L@next=\dimen121
\L@slope=\dimen122
\L@height=\dimen123
\L@novskip=\dimen124
\LettrineWidth=\dimen125
\LettrineHeight=\dimen126
\LettrineDepth=\dimen127

Loading lettrine.cfg
(C:\Users\longne\AppData\Roaming\MiKTeX\2.9\tex\latex\lettrine\lettrine.cfg))
("C:\Program Files\MiKTeX 2.9\tex\latex\psnfss\mathptmx.sty"
Package: mathptmx 2005/04/12 PSNFSS-v9.2a Times w/ Math, improved (SPQR, WaS) 
LaTeX Font Info:    Redeclaring symbol font `operators' on input line 28.
LaTeX Font Info:    Overwriting symbol font `operators' in version `normal'
(Font)                  OT1/cmr/m/n --> OT1/ztmcm/m/n on input line 28.
LaTeX Font Info:    Overwriting symbol font `operators' in version `bold'
(Font)                  OT1/cmr/bx/n --> OT1/ztmcm/m/n on input line 28.
LaTeX Font Info:    Redeclaring symbol font `letters' on input line 29.
LaTeX Font Info:    Overwriting symbol font `letters' in version `normal'
(Font)                  OML/cmm/m/it --> OML/ztmcm/m/it on input line 29.
LaTeX Font Info:    Overwriting symbol font `letters' in version `bold'
(Font)                  OML/cmm/b/it --> OML/ztmcm/m/it on input line 29.
LaTeX Font Info:    Redeclaring symbol font `symbols' on input line 30.
LaTeX Font Info:    Overwriting symbol font `symbols' in version `normal'
(Font)                  OMS/cmsy/m/n --> OMS/ztmcm/m/n on input line 30.
LaTeX Font Info:    Overwriting symbol font `symbols' in version `bold'
(Font)                  OMS/cmsy/b/n --> OMS/ztmcm/m/n on input line 30.
LaTeX Font Info:    Redeclaring symbol font `largesymbols' on input line 31.
LaTeX Font Info:    Overwriting symbol font `largesymbols' in version `normal'
(Font)                  OMX/cmex/m/n --> OMX/ztmcm/m/n on input line 31.
LaTeX Font Info:    Overwriting symbol font `largesymbols' in version `bold'
(Font)                  OMX/cmex/m/n --> OMX/ztmcm/m/n on input line 31.
\symbold=\mathgroup7
\symitalic=\mathgroup8
LaTeX Font Info:    Redeclaring math alphabet \mathbf on input line 34.
LaTeX Font Info:    Overwriting math alphabet `\mathbf' in version `normal'
(Font)                  OT1/cmr/bx/n --> OT1/ptm/bx/n on input line 34.
LaTeX Font Info:    Overwriting math alphabet `\mathbf' in version `bold'
(Font)                  OT1/cmr/bx/n --> OT1/ptm/bx/n on input line 34.
LaTeX Font Info:    Redeclaring math alphabet \mathit on input line 35.
LaTeX Font Info:    Overwriting math alphabet `\mathit' in version `normal'
(Font)                  OT1/cmr/m/it --> OT1/ptm/m/it on input line 35.
LaTeX Font Info:    Overwriting math alphabet `\mathit' in version `bold'
(Font)                  OT1/cmr/bx/it --> OT1/ptm/m/it on input line 35.
LaTeX Info: Redefining \hbar on input line 50.
)
(C:\Users\longne\AppData\Roaming\MiKTeX\2.9\tex\latex\endnotes\endnotes.sty
\c@endnote=\count104
\endnotesep=\dimen128
\@enotes=\write3
)
(C:\Users\longne\AppData\Roaming\MiKTeX\2.9\tex\latex\fancyhdr\fancyhdr.sty
Package: fancyhdr 2017/06/30 v3.9a Extensive control of page headers and footer
s
\f@nch@headwidth=\skip49
\f@nch@O@elh=\skip50
\f@nch@O@erh=\skip51
\f@nch@O@olh=\skip52
\f@nch@O@orh=\skip53
\f@nch@O@elf=\skip54
\f@nch@O@erf=\skip55
\f@nch@O@olf=\skip56
\f@nch@O@orf=\skip57
)
(C:\Users\longne\AppData\Roaming\MiKTeX\2.9\tex\latex\comment\comment.sty
\CommentStream=\write4

Excluding comment 'comment')
\c@theorem=\count105
)
("C:\Program Files\MiKTeX 2.9\tex\latex\graphics\graphicx.sty"
Package: graphicx 2017/06/01 v1.1a Enhanced LaTeX Graphics (DPC,SPQR)

("C:\Program Files\MiKTeX 2.9\tex\latex\graphics\graphics.sty"
Package: graphics 2017/06/25 v1.2c Standard LaTeX Graphics (DPC,SPQR)

("C:\Program Files\MiKTeX 2.9\tex\latex\graphics\trig.sty"
Package: trig 2016/01/03 v1.10 sin cos tan (DPC)
)
("C:\Program Files\MiKTeX 2.9\tex\latex\graphics-cfg\graphics.cfg"
File: graphics.cfg 2016/06/04 v1.11 sample graphics configuration
)
Package graphics Info: Driver file: pdftex.def on input line 99.

("C:\Program Files\MiKTeX 2.9\tex\latex\graphics-def\pdftex.def"
File: pdftex.def 2018/01/08 v1.0l Graphics/color driver for pdftex
))
\Gin@req@height=\dimen129
\Gin@req@width=\dimen130
)
Include comment 'annotation' (Analytic_Geometry_IBL_Notes_text.aux)
\openout1 = `Analytic_Geometry_IBL_Notes_text.aux'.

LaTeX Font Info:    Checking defaults for OML/cmm/m/it on input line 21.
LaTeX Font Info:    ... okay on input line 21.
LaTeX Font Info:    Checking defaults for T1/cmr/m/n on input line 21.
LaTeX Font Info:    ... okay on input line 21.
LaTeX Font Info:    Checking defaults for OT1/cmr/m/n on input line 21.
LaTeX Font Info:    ... okay on input line 21.
LaTeX Font Info:    Checking defaults for OMS/cmsy/m/n on input line 21.
LaTeX Font Info:    ... okay on input line 21.
LaTeX Font Info:    Checking defaults for OMX/cmex/m/n on input line 21.
LaTeX Font Info:    ... okay on input line 21.
LaTeX Font Info:    Checking defaults for U/cmr/m/n on input line 21.
LaTeX Font Info:    ... okay on input line 21.
LaTeX Font Info:    Try loading font information for OT1+ptm on input line 21.

("C:\Program Files\MiKTeX 2.9\tex\latex\psnfss\ot1ptm.fd"
File: ot1ptm.fd 2001/06/04 font definitions for OT1/ptm.
)
(C:\Users\longne\AppData\Roaming\MiKTeX\2.9\tex\context\base\supp-pdf.mkii
[Loading MPS to PDF converter (version 2006.09.02).]
\scratchcounter=\count106
\scratchdimen=\dimen131
\scratchbox=\box30
\nofMPsegments=\count107
\nofMParguments=\count108
\everyMPshowfont=\toks28
\MPscratchCnt=\count109
\MPscratchDim=\dimen132
\MPnumerator=\count110
\makeMPintoPDFobject=\count111
\everyMPtoPDFconversion=\toks29
) ("C:\Program Files\MiKTeX 2.9\tex\latex\oberdiek\epstopdf-base.sty"
Package: epstopdf-base 2016/05/15 v2.6 Base part for package epstopdf

("C:\Program Files\MiKTeX 2.9\tex\generic\oberdiek\infwarerr.sty"
Package: infwarerr 2016/05/16 v1.4 Providing info/warning/error messages (HO)
)
("C:\Program Files\MiKTeX 2.9\tex\latex\oberdiek\grfext.sty"
Package: grfext 2016/05/16 v1.2 Manage graphics extensions (HO)

("C:\Program Files\MiKTeX 2.9\tex\generic\oberdiek\kvdefinekeys.sty"
Package: kvdefinekeys 2016/05/16 v1.4 Define keys (HO)

("C:\Program Files\MiKTeX 2.9\tex\generic\oberdiek\ltxcmds.sty"
Package: ltxcmds 2016/05/16 v1.23 LaTeX kernel commands for general use (HO)
)))
("C:\Program Files\MiKTeX 2.9\tex\latex\oberdiek\kvoptions.sty"
Package: kvoptions 2016/05/16 v3.12 Key value format for package options (HO)

("C:\Program Files\MiKTeX 2.9\tex\generic\oberdiek\kvsetkeys.sty"
Package: kvsetkeys 2016/05/16 v1.17 Key value parser (HO)

("C:\Program Files\MiKTeX 2.9\tex\generic\oberdiek\etexcmds.sty"
Package: etexcmds 2016/05/16 v1.6 Avoid name clashes with e-TeX commands (HO)

("C:\Program Files\MiKTeX 2.9\tex\generic\oberdiek\ifluatex.sty"
Package: ifluatex 2016/05/16 v1.4 Provides the ifluatex switch (HO)
Package ifluatex Info: LuaTeX not detected.
)
Package etexcmds Info: Could not find \expanded.
(etexcmds)             That can mean that you are not using pdfTeX 1.50 or
(etexcmds)             that some package has redefined \expanded.
(etexcmds)             In the latter case, load this package earlier.
)))
("C:\Program Files\MiKTeX 2.9\tex\generic\oberdiek\pdftexcmds.sty"
Package: pdftexcmds 2018/01/21 v0.26 Utility functions of pdfTeX for LuaTeX (HO
)

("C:\Program Files\MiKTeX 2.9\tex\generic\oberdiek\ifpdf.sty"
Package: ifpdf 2017/03/15 v3.2 Provides the ifpdf switch
)
Package pdftexcmds Info: LuaTeX not detected.
Package pdftexcmds Info: \pdf@primitive is available.
Package pdftexcmds Info: \pdf@ifprimitive is available.
Package pdftexcmds Info: \pdfdraftmode found.
)
Package epstopdf-base Info: Redefining graphics rule for `.eps' on input line 4
38.
Package grfext Info: Graphics extension search list:
(grfext)             [.pdf,.png,.jpg,.mps,.jpeg,.jbig2,.jb2,.PDF,.PNG,.JPG,.JPE
G,.JBIG2,.JB2,.eps]
(grfext)             \AppendGraphicsExtensions on input line 456.
) [1




{C:/Users/longne/AppData/Local/MiKTeX/2.9/pdftex/config/pdftex.map}]
Including 'annotation' comment.
\openout4 = `comment.cut'.

 Straight input of comment.cut. (comment.cut
LaTeX Font Info:    Font shape `OT1/ptm/bx/n' in size <17.28> not available
(Font)              Font shape `OT1/ptm/b/n' tried instead on input line 1.
Missing character: There is no ‚ in font ptmr7t!
Missing character: There is no Ä in font ptmr7t!
Missing character: There is no ú in font ptmr7t!
Missing character: There is no ‚ in font ptmr7t!
Missing character: There is no Ä in font ptmr7t!
Missing character: There is no ù in font ptmr7t!
LaTeX Font Info:    Font shape `OT1/ptm/bx/n' in size <14.4> not available
(Font)              Font shape `OT1/ptm/b/n' tried instead on input line 5.

[2


] [3]
LaTeX Font Info:    Font shape `OT1/ptm/bx/n' in size <12> not available
(Font)              Font shape `OT1/ptm/b/n' tried instead on input line 16.
LaTeX Font Info:    Try loading font information for OMS+ptm on input line 18.
 ("C:\Program Files\MiKTeX 2.9\tex\latex\psnfss\omsptm.fd"
File: omsptm.fd 
)
LaTeX Font Info:    Font shape `OMS/ptm/m/n' in size <12> not available
(Font)              Font shape `OMS/cmsy/m/n' tried instead on input line 18.
 [4]
Missing character: There is no ‚ in font ptmr7t!
Missing character: There is no Ä in font ptmr7t!
Missing character: There is no ô in font ptmr7t!
 [5]
[6]
LaTeX Font Info:    Try loading font information for OT1+ztmcm on input line 46
.
 ("C:\Program Files\MiKTeX 2.9\tex\latex\psnfss\ot1ztmcm.fd"
File: ot1ztmcm.fd 2000/01/03 Fontinst v1.801 font definitions for OT1/ztmcm.
)
LaTeX Font Info:    Try loading font information for OML+ztmcm on input line 46
.

("C:\Program Files\MiKTeX 2.9\tex\latex\psnfss\omlztmcm.fd"
File: omlztmcm.fd 2000/01/03 Fontinst v1.801 font definitions for OML/ztmcm.
)
LaTeX Font Info:    Try loading font information for OMS+ztmcm on input line 46
.

("C:\Program Files\MiKTeX 2.9\tex\latex\psnfss\omsztmcm.fd"
File: omsztmcm.fd 2000/01/03 Fontinst v1.801 font definitions for OMS/ztmcm.
)
LaTeX Font Info:    Try loading font information for OMX+ztmcm on input line 46
.

("C:\Program Files\MiKTeX 2.9\tex\latex\psnfss\omxztmcm.fd"
File: omxztmcm.fd 2000/01/03 Fontinst v1.801 font definitions for OMX/ztmcm.
)
LaTeX Font Info:    Try loading font information for U+lasy on input line 46.

("C:\Program Files\MiKTeX 2.9\tex\latex\base\ulasy.fd"
File: ulasy.fd 1998/08/17 v2.2e LaTeX symbol font definitions
)
LaTeX Font Info:    Font shape `OT1/ptm/bx/n' in size <9> not available
(Font)              Font shape `OT1/ptm/b/n' tried instead on input line 46.
LaTeX Font Info:    Font shape `OT1/ptm/bx/n' in size <7> not available
(Font)              Font shape `OT1/ptm/b/n' tried instead on input line 46.
 [7]) [8] [9

] [10]
Chapter 1.
Including 'annotation' comment.
\openout4 = `comment.cut'.

 Straight input of comment.cut. (comment.cut
\openout3 = `Analytic_Geometry_IBL_Notes_text.ent'.

)
[1


] [2] Including 'annotation' comment.
\openout4 = `comment.cut'.

 Straight input of comment.cut.
(comment.cut) [3] Including 'annotation' comment.
\openout4 = `comment.cut'.


Straight input of comment.cut. (comment.cut)
LaTeX Font Info:    Font shape `OMS/ptm/m/it' in size <12> not available
(Font)              Font shape `OMS/cmsy/m/n' tried instead on input line 221.
 [4]
LaTeX Font Info:    Font shape `OT1/ptm/bx/it' in size <12> not available
(Font)              Font shape `OT1/ptm/b/it' tried instead on input line 244.
 [5] [6]
Including 'annotation' comment.
\openout4 = `comment.cut'.

 Straight input of comment.cut. (comment.cut)
[7] [8]
<2dcoord.png, id=70, 324.0105pt x 300.52275pt>
File: 2dcoord.png Graphic file (type png)
<use 2dcoord.png>
Package pdftex.def Info: 2dcoord.png  used on input line 387.
(pdftex.def)             Requested size: 243.00728pt x 225.3915pt.
 [9 <./2dcoord.png>] Including 'annotation' comment.
\openout4 = `comment.cut'.


Straight input of comment.cut. (comment.cut) [10]
<trianglearray.png, id=80, 688.974pt x 322.806pt>
File: trianglearray.png Graphic file (type png)
<use trianglearray.png>
Package pdftex.def Info: trianglearray.png  used on input line 434.
(pdftex.def)             Requested size: 344.48616pt x 161.4026pt.
 [11 <./trianglearray.png>]
[12]
<2dcoordchange.png, id=88, 326.4195pt x 300.52275pt>
File: 2dcoordchange.png Graphic file (type png)
<use 2dcoordchange.png>
Package pdftex.def Info: 2dcoordchange.png  used on input line 498.
(pdftex.def)             Requested size: 244.81401pt x 225.3915pt.
 [13 <./2dcoordchange.png>] [14]
Missing character: There is no ¬ in font ptmri7t!
Missing character: There is no † in font ptmri7t!
<transvect.png, id=95, 634.16925pt x 262.581pt>
File: transvect.png Graphic file (type png)
<use transvect.png>
Package pdftex.def Info: transvect.png  used on input line 575.
(pdftex.def)             Requested size: 317.08385pt x 131.29016pt.
 [15 <./transvect.png>]
<vecadd.png, id=100, 391.4625pt x 181.27725pt>
File: vecadd.png Graphic file (type png)
<use vecadd.png>
Package pdftex.def Info: vecadd.png  used on input line 603.
(pdftex.def)             Requested size: 293.59615pt x 135.9576pt.
 [16 <./vecadd.png>]
<vectorarray.png, id=104, 539.616pt x 264.99pt>
File: vectorarray.png Graphic file (type png)
<use vectorarray.png>
Package pdftex.def Info: vectorarray.png  used on input line 635.
(pdftex.def)             Requested size: 323.7721pt x 158.99522pt.
[17]
File: vectorarray.png Graphic file (type png)
<use vectorarray.png>
Package pdftex.def Info: vectorarray.png  used on input line 641.
(pdftex.def)             Requested size: 323.7721pt x 158.99522pt.
 [18 <./vectorarray.png>] [19] [20] [21]
<projvect.png, id=122, 337.26pt x 268.6035pt>
File: projvect.png Graphic file (type png)
<use projvect.png>
Package pdftex.def Info: projvect.png  used on input line 761.
(pdftex.def)             Requested size: 168.62958pt x 134.30142pt.
<projvect2.png, id=123, 198.14024pt x 154.77824pt>
File: projvect2.png Graphic file (type png)
<use projvect2.png>
Package pdftex.def Info: projvect2.png  used on input line 765.
(pdftex.def)             Requested size: 148.6048pt x 116.08339pt.
 [22 <./projvect.png> <./projvect2.png>]
File: vectorarray.png Graphic file (type png)
<use vectorarray.png>
Package pdftex.def Info: vectorarray.png  used on input line 796.
(pdftex.def)             Requested size: 323.7721pt x 158.99522pt.
File: vectorarray.png Graphic file (type png)
<use vectorarray.png>
Package pdftex.def Info: vectorarray.png  used on input line 800.
(pdftex.def)             Requested size: 323.7721pt x 158.99522pt.
 [23]
<comprose.png, id=131, 1204.5pt x 1204.5pt>
File: comprose.png Graphic file (type png)
<use comprose.png>
Package pdftex.def Info: comprose.png  used on input line 809.
(pdftex.def)             Requested size: 120.45705pt x 120.45705pt.
 [24 <./comprose.png (PNG copy)>] [25]
<polarcoordinates.png, id=138, 231.86626pt x 229.45724pt>
File: polarcoordinates.png Graphic file (type png)
<use polarcoordinates.png>
Package pdftex.def Info: polarcoordinates.png  used on input line 860.
(pdftex.def)             Requested size: 173.89925pt x 172.0925pt.
 [26] [27 <./polarcoordinates.png>]
<polgrid.png, id=147, 131.89275pt x 136.71075pt>
File: polgrid.png Graphic file (type png)
<use polgrid.png>
Package pdftex.def Info: polgrid.png  used on input line 898.
(pdftex.def)             Requested size: 131.89241pt x 136.7104pt.
 [28 <./polgrid.png>] [29]
<polargrid.png, id=155, 331.2375pt x 336.65775pt>
File: polargrid.png Graphic file (type png)
<use polargrid.png>
Package pdftex.def Info: polargrid.png  used on input line 964.
(pdftex.def)             Requested size: 248.4275pt x 252.49268pt.
 [30] [31 <./polargrid.png>]
Chapter 2.
[32

] [33]
Underfull \hbox (badness 7133) in paragraph at lines 1047--1049
\OT1/ptm/m/it/12 points and sim-plify your an-swer into some-thing of the form 

 []

[34] [35] [36] [37] Including 'annotation' comment.
\openout4 = `comment.cut'.


Straight input of comment.cut. (comment.cut) [38] [39]
Including 'annotation' comment.
\openout4 = `comment.cut'.

 Straight input of comment.cut. (comment.cut)
[40]
<pldist.png, id=192, 291.489pt x 260.77425pt>
File: pldist.png Graphic file (type png)
<use pldist.png>
Package pdftex.def Info: pldist.png  used on input line 1311.
(pdftex.def)             Requested size: 218.61621pt x 195.5802pt.
 [41 <./pldist.png>]
<polyexamp.png, id=196, 732.93825pt x 307.1475pt>
File: polyexamp.png Graphic file (type png)
<use polyexamp.png>
Package pdftex.def Info: polyexamp.png  used on input line 1345.
(pdftex.def)             Requested size: 329.81917pt x 138.21509pt.
 [42]
<nonpolyexamp.png, id=200, 961.191pt x 312.56775pt>
File: nonpolyexamp.png Graphic file (type png)
<use nonpolyexamp.png>
Package pdftex.def Info: nonpolyexamp.png  used on input line 1349.
(pdftex.def)             Requested size: 336.42189pt x 109.40034pt.
<unitaxes.png, id=201, 428.19975pt x 428.802pt>
File: unitaxes.png Graphic file (type png)
<use unitaxes.png>
Package pdftex.def Info: unitaxes.png  used on input line 1355.
(pdftex.def)             Requested size: 278.32654pt x 278.71799pt.
 [43 <./polyexamp.png> <./nonpolyexamp.png>]
[44 <./unitaxes.png>] [45]
<p3.png, id=214, 789.70032pt x 755.07094pt>
File: p3.png Graphic file (type png)
<use p3.png>
Package pdftex.def Info: p3.png  used on input line 1460.
(pdftex.def)             Requested size: 276.39925pt x 264.27878pt.
 [46]
<p4.png, id=218, 609.02531pt x 553.31718pt>
File: p4.png Graphic file (type png)
<use p4.png>
Package pdftex.def Info: p4.png  used on input line 1462.
(pdftex.def)             Requested size: 274.05885pt x 248.99043pt.
 [47 <./p3.png> <./p4.png>]
File: unitaxes.png Graphic file (type png)
<use unitaxes.png>
Package pdftex.def Info: unitaxes.png  used on input line 1490.
(pdftex.def)             Requested size: 214.09935pt x 214.40047pt.
 [48]
<vaeven.png, id=227, 369.17924pt x 249.93375pt>
File: vaeven.png Graphic file (type png)
<use vaeven.png>
Package pdftex.def Info: vaeven.png  used on input line 1501.
(pdftex.def)             Requested size: 276.88376pt x 187.44984pt.
<vaodd.png, id=228, 369.17924pt x 249.93375pt>
File: vaodd.png Graphic file (type png)
<use vaodd.png>
Package pdftex.def Info: vaodd.png  used on input line 1501.
(pdftex.def)             Requested size: 276.88376pt x 187.44984pt.
 [49] [50 <./vaeven.png> <./vaodd.png>]
<even_horiz_asymp_example.png, id=235, 821.31844pt x 693.34032pt>
File: even_horiz_asymp_example.png Graphic file (type png)
<use even_horiz_asymp_example.png>
Package pdftex.def Info: even_horiz_asymp_example.png  used on input line 1521.

(pdftex.def)             Requested size: 287.46576pt x 242.67274pt.
<odd_horiz_asymp_example.png, id=236, 822.82407pt x 791.95876pt>
File: odd_horiz_asymp_example.png Graphic file (type png)
<use odd_horiz_asymp_example.png>
Package pdftex.def Info: odd_horiz_asymp_example.png  used on input line 1523.
(pdftex.def)             Requested size: 287.99274pt x 277.18971pt.
 [51 <./even_horiz_asymp_example.png>]
<slant_asymp_example.png, id=242, 819.06pt x 792.71156pt>
File: slant_asymp_example.png Graphic file (type png)
<use slant_asymp_example.png>
Package pdftex.def Info: slant_asymp_example.png  used on input line 1525.
(pdftex.def)             Requested size: 286.6753pt x 277.4532pt.
 [52 <./odd_horiz_asymp_example.png> <./slant_asymp_example.png>]
<r1.png, id=248, 696.80325pt x 636.57825pt>
File: r1.png Graphic file (type png)
<use r1.png>
Package pdftex.def Info: r1.png  used on input line 1530.
(pdftex.def)             Requested size: 313.55856pt x 286.45757pt.
<r2.png, id=249, 772.68675pt x 649.82774pt>
File: r2.png Graphic file (type png)
<use r2.png>
Package pdftex.def Info: r2.png  used on input line 1540.
(pdftex.def)             Requested size: 347.70583pt x 292.41978pt.
 [53 <./r1.png>] [54 <./r2.png>]
<r3.png, id=258, 645.00975pt x 646.21425pt>
File: r3.png Graphic file (type png)
<use r3.png>
Package pdftex.def Info: r3.png  used on input line 1555.
(pdftex.def)             Requested size: 290.2517pt x 290.79372pt.
<r4.png, id=259, 707.64375pt x 655.248pt>
File: r4.png Graphic file (type png)
<use r4.png>
Package pdftex.def Info: r4.png  used on input line 1557.
(pdftex.def)             Requested size: 283.05249pt x 262.09456pt.
[55 <./r3.png>]
<r5.png, id=263, 713.66624pt x 651.03226pt>
File: r5.png Graphic file (type png)
<use r5.png>
Package pdftex.def Info: r5.png  used on input line 1559.
(pdftex.def)             Requested size: 285.46143pt x 260.40828pt.
 [56 <./r4.png> <./r5.png>] [57]
Chapter 3.
Including 'annotation' comment.
\openout4 = `comment.cut'.

 Straight input of comment.cut. (comment.cut)
<conics.png, id=271, 688.974pt x 337.26pt>
File: conics.png Graphic file (type png)
<use conics.png>
Package pdftex.def Info: conics.png  used on input line 1609.
(pdftex.def)             Requested size: 344.48616pt x 168.62958pt.

Including 'annotation' comment.
\openout4 = `comment.cut'.

 Straight input of comment.cut. (comment.cut)
[58

 <./conics.png>] [59]
<generalparabola2.png, id=278, 736.25063pt x 516.42938pt>
File: generalparabola2.png Graphic file (type png)
<use generalparabola2.png>
Package pdftex.def Info: generalparabola2.png  used on input line 1671.
(pdftex.def)             Requested size: 331.30972pt x 232.39107pt.
 [60] Including 'annotation' comment.
\openout4 = `comment.cut'.


Straight input of comment.cut. (comment.cut) [61 <./generalparabola2.png>]
<parabolasp3.png, id=286, 703.87968pt x 663.98062pt>
File: parabolasp3.png Graphic file (type png)
<use parabolasp3.png>
Package pdftex.def Info: parabolasp3.png  used on input line 1695.
(pdftex.def)             Requested size: 281.54688pt x 265.58754pt.

[62 <./parabolasp3.png>]
<parabolic-reflector2.png, id=290, 662.475pt x 464.4853pt>
File: parabolic-reflector2.png Graphic file (type png)
<use parabolic-reflector2.png>
Package pdftex.def Info: parabolic-reflector2.png  used on input line 1717.
(pdftex.def)             Requested size: 264.9853pt x 185.79083pt.
 [63 <./parabolic-reflector2.png>]
<generalellipse3.png, id=295, 602.25pt x 656.4525pt>
File: generalellipse3.png Graphic file (type png)
<use generalellipse3.png>
Package pdftex.def Info: generalellipse3.png  used on input line 1735.
(pdftex.def)             Requested size: 271.01pt x 295.4009pt.
 [64 <./generalellipse3.png>] Including 'annotation' comment.
\openout4 = `comment.cut'.

 Straight input of comment.cut.
(comment.cut)
<ellipse4.png, id=300, 670.75594pt x 456.95718pt>
File: ellipse4.png Graphic file (type png)
<use ellipse4.png>
Package pdftex.def Info: ellipse4.png  used on input line 1769.
(pdftex.def)             Requested size: 335.37714pt x 228.47803pt.
 [65]
<ellipse2.png, id=304, 618.51076pt x 494.44725pt>
File: ellipse2.png Graphic file (type png)
<use ellipse2.png>
Package pdftex.def Info: ellipse2.png  used on input line 1785.
(pdftex.def)             Requested size: 247.3999pt x 197.77539pt.
 [66 <./ellipse4.png>] [67 <./ellipse2.png>]
<generalhyperbola2.png, id=312, 450.18187pt x 464.4853pt>
File: generalhyperbola2.png Graphic file (type png)
<use generalhyperbola2.png>
Package pdftex.def Info: generalhyperbola2.png  used on input line 1810.
(pdftex.def)             Requested size: 225.09038pt x 232.24208pt.
 [68 <./generalhyperbola2.png>] Including 'annotation' comment.
\openout4 = `comment.cut'.

 Straight input of comment.cut.
(comment.cut) [69] [70]
<ellipse1.png, id=324, 284.7438pt x 276.7941pt>
File: ellipse1.png Graphic file (type png)
<use ellipse1.png>
Package pdftex.def Info: ellipse1.png  used on input line 1900.
(pdftex.def)             Requested size: 227.79535pt x 221.43556pt.
 [71]
<hyperbola1.png, id=328, 385.9218pt x 278.2395pt>
File: hyperbola1.png Graphic file (type png)
<use hyperbola1.png>
Package pdftex.def Info: hyperbola1.png  used on input line 1902.
(pdftex.def)             Requested size: 289.44063pt x 208.67911pt.
<parabola1.png, id=329, 401.0985pt x 278.2395pt>
File: parabola1.png Graphic file (type png)
<use parabola1.png>
Package pdftex.def Info: parabola1.png  used on input line 1904.
(pdftex.def)             Requested size: 300.82312pt x 208.67911pt.
 [72 <./ellipse1.png> <./hyperbola1.png>] [73 <./parabola1.png>]
<ellipserot.png, id=339, 484.81125pt x 483.60675pt>
File: ellipserot.png Graphic file (type png)
<use ellipserot.png>
Package pdftex.def Info: ellipserot.png  used on input line 1939.
(pdftex.def)             Requested size: 242.40503pt x 241.80278pt.
 [74]
<rotation.png, id=343, 296.307pt x 266.1945pt>
File: rotation.png Graphic file (type png)
<use rotation.png>
Package pdftex.def Info: rotation.png  used on input line 1952.
(pdftex.def)             Requested size: 296.30627pt x 266.19385pt.
 [75 <./ellipserot.png>] [76 <./rotation.png>] [77] [78]
[79] Including 'annotation' comment.
\openout4 = `comment.cut'.

 Straight input of comment.cut.
(comment.cut (Analytic_Geometry_IBL_Notes_text.ent
LaTeX Font Info:    Font shape `OT1/ptm/bx/n' in size <10> not available
(Font)              Font shape `OT1/ptm/b/n' tried instead on input line 2.
LaTeX Font Info:    Font shape `OT1/ptm/bx/n' in size <7.4> not available
(Font)              Font shape `OT1/ptm/b/n' tried instead on input line 2.
LaTeX Font Info:    Font shape `OT1/ptm/bx/n' in size <6> not available
(Font)              Font shape `OT1/ptm/b/n' tried instead on input line 2.
LaTeX Font Info:    Font shape `OT1/ptm/bx/it' in size <10> not available
(Font)              Font shape `OT1/ptm/b/it' tried instead on input line 43.

Overfull \hbox (21.71608pt too wide) in paragraph at lines 231--358
\OT1/ptm/m/it/10 -This last chap-ter is about un-der-stand-ing some semi-famili
ar shapes and the al-ge-braic/geometric
 []


Overfull \hbox (286.64455pt too wide) in paragraph at lines 360--362
[][][][]\OT1/cmtt/m/n/10 {https://www.open.edu/openlearn/ocw/pluginfile.php/894
06/mod_oucontent/oucontent/741/f381702f/158b2302/m208_1_i057i.jpg} 
 []

[80


])) [81] (Analytic_Geometry_IBL_Notes_text.aux) ) 
Here is how much of TeX's memory you used:
 3324 strings out of 493305
 45861 string characters out of 3138872
 103080 words of memory out of 3000000
 6687 multiletter control sequences out of 15000+200000
 58730 words of font info for 125 fonts, out of 3000000 for 9000
 1141 hyphenation exceptions out of 8191
 41i,14n,45p,2120b,367s stack positions out of 5000i,500n,10000p,200000b,50000s
{C:/Program Files/MiKTeX 2.9/f
onts/enc/dvips/base/8r.enc}<C:/Program Files/MiKTeX 2.9/fonts/type1/public/amsf
onts/cm/cmex10.pfb><C:/Program Files/MiKTeX 2.9/fonts/type1/public/amsfonts/cm/
cmmi10.pfb><C:/Program Files/MiKTeX 2.9/fonts/type1/public/amsfonts/cm/cmr10.pf
b><C:/Program Files/MiKTeX 2.9/fonts/type1/public/amsfonts/cm/cmsy10.pfb><C:/Pr
ogram Files/MiKTeX 2.9/fonts/type1/public/amsfonts/cm/cmtt10.pfb><C:/Program Fi
les/MiKTeX 2.9/fonts/type1/public/amsfonts/cm/cmtt12.pfb><C:/Program Files/MiKT
eX 2.9/fonts/type1/public/amsfonts/symbols/msam10.pfb><C:/Program Files/MiKTeX 
2.9/fonts/type1/public/amsfonts/symbols/msbm10.pfb><C:/Users/longne/AppData/Roa
ming/MiKTeX/2.9/fonts/type1/urw/symbol/usyr.pfb><C:/Users/longne/AppData/Roamin
g/MiKTeX/2.9/fonts/type1/urw/symbol/usyr.pfb><C:/Program Files/MiKTeX 2.9/fonts
/type1/urw/times/utmb8a.pfb><C:/Program Files/MiKTeX 2.9/fonts/type1/urw/times/
utmbi8a.pfb><C:/Program Files/MiKTeX 2.9/fonts/type1/urw/times/utmr8a.pfb><C:/P
rogram Files/MiKTeX 2.9/fonts/type1/urw/times/utmri8a.pfb>
Output written on Analytic_Geometry_IBL_Notes_text.pdf (91 pages, 1743782 bytes
).
PDF statistics:
 416 PDF objects out of 1000 (max. 8388607)
 0 named destinations out of 1000 (max. 500000)
 206 words of extra memory for PDF output out of 10000 (max. 10000000)

